<?xml version="1.0" encoding="UTF-8"?>
<!-- Generated by org.testng.reporters.JUnitXMLReporter -->
<testsuite ignored="0" hostname="HP" failures="0" tests="3" name="PAT Auto Test" time="87.164" errors="0" timestamp="2021-08-29T14:25:43 IST">
  <testcase classname="com.Pat.TestCases.Tc_DDT_Login" name="Login" time="15.875"/>
  <testcase classname="com.Pat.TestCases.Tc_DDT_Login" name="Login" time="14.287"/>
  <testcase classname="com.Pat.TestCases.Tc_DDT_Login" name="Login" time="14.499"/>
</testsuite> <!-- PAT Auto Test -->
