<?xml version="1.0" encoding="UTF-8"?>
<!-- Generated by org.testng.reporters.JUnitXMLReporter -->
<testsuite ignored="0" hostname="LAPTOP-U5ITSHIF" failures="0" tests="2" name="Chrome Test 1" time="74.418" errors="0" timestamp="2025-06-02T10:08:27 IST">
  <testcase classname="com.Pat.TestCases.BaseClass" name="@AfterClass tearDown" time="0.0">
    <failure type="java.lang.NullPointerException" message="Cannot invoke &amp;quot;org.openqa.selenium.WebDriver.quit()&amp;quot; because the return value of &amp;quot;java.lang.ThreadLocal.get()&amp;quot; is null">
      <![CDATA[java.lang.NullPointerException: Cannot invoke "org.openqa.selenium.WebDriver.quit()" because the return value of "java.lang.ThreadLocal.get()" is null
at com.Pat.TestCases.BaseClass.tearDown(BaseClass.java:128)
at java.base/java.util.ArrayList.forEach(ArrayList.java:1511)
at java.base/java.util.concurrent.FutureTask.run$$$capture(FutureTask.java:264)
at java.base/java.util.concurrent.FutureTask.run(FutureTask.java)
at --- Async.Stack.Trace --- (captured by IntelliJ IDEA debugger)
at java.base/java.util.concurrent.FutureTask.<init>(FutureTask.java:132)
at java.base/java.util.concurrent.AbstractExecutorService.newTaskFor(AbstractExecutorService.java:113)
at java.base/java.util.concurrent.AbstractExecutorService.invokeAll(AbstractExecutorService.java:274)
at com.intellij.rt.testng.IDEARemoteTestNG.run(IDEARemoteTestNG.java:65)
at com.intellij.rt.testng.RemoteTestNGStarter.main(RemoteTestNGStarter.java:105)
... Removed 26 stack frames]]>
    </failure>
  </testcase> <!-- @AfterClass tearDown -->
  <testcase classname="com.Pat.TestCases.Tc_DDT_Login" name="Login" time="22.13"/>
  <testcase classname="com.Pat.TestCases.Tc_DDT_Login" name="Login2" time="27.001"/>
</testsuite> <!-- Chrome Test 1 -->
