<?xml version="1.0" encoding="UTF-8"?>
<testng-results ignored="0" total="4" passed="4" failed="0" skipped="0">
  <reporter-output>
    <line>
      <![CDATA[subash.selenium@gmail.com : is the Value entered for WebElement : UserName      #####################      ]]>
    </line>
    <line>
      <![CDATA[Auto@123 : is the Value entered for WebElement : Password      #####################      ]]>
    </line>
    <line>
      <![CDATA[WebElement : Log In is clicked      #####################      ]]>
    </line>
    <line>
      <![CDATA[subash.selenium@gmail.com : is the Value entered for WebElement : UserName      #####################      ]]>
    </line>
    <line>
      <![CDATA[Auto@123 : is the Value entered for WebElement : Password      #####################      ]]>
    </line>
    <line>
      <![CDATA[WebElement : Log In is clicked      #####################      ]]>
    </line>
    <line>
      <![CDATA[Login successful with Home Page displayed as : Login Successfully]]>
    </line>
    <line>
      <![CDATA[WebElement : Log Off is clicked      #####################      ]]>
    </line>
    <line>
      <![CDATA[Login successful with Home Page displayed as : Login Successfully]]>
    </line>
    <line>
      <![CDATA[WebElement : Log Off is clicked      #####################      ]]>
    </line>
    <line>
      <![CDATA[WebElement : Go Back To Login is clicked      #####################      ]]>
    </line>
    <line>
      <![CDATA[WebElement : Go Back To Login is clicked      #####################      ]]>
    </line>
    <line>
      <![CDATA[subash.selenium@gmail.com : is the Value entered for WebElement : UserName      #####################      ]]>
    </line>
    <line>
      <![CDATA[Auto@123 : is the Value entered for WebElement : Password      #####################      ]]>
    </line>
    <line>
      <![CDATA[WebElement : Log In is clicked      #####################      ]]>
    </line>
    <line>
      <![CDATA[subash.selenium@gmail.com : is the Value entered for WebElement : UserName      #####################      ]]>
    </line>
    <line>
      <![CDATA[Auto@123 : is the Value entered for WebElement : Password      #####################      ]]>
    </line>
    <line>
      <![CDATA[WebElement : Log In is clicked      #####################      ]]>
    </line>
    <line>
      <![CDATA[Login successful with Home Page displayed as : Login Successfully]]>
    </line>
    <line>
      <![CDATA[WebElement : Log Off is clicked      #####################      ]]>
    </line>
    <line>
      <![CDATA[Login successful with Home Page displayed as : Login Successfully]]>
    </line>
    <line>
      <![CDATA[WebElement : Log Off is clicked      #####################      ]]>
    </line>
    <line>
      <![CDATA[WebElement : Go Back To Login is clicked      #####################      ]]>
    </line>
    <line>
      <![CDATA[WebElement : Go Back To Login is clicked      #####################      ]]>
    </line>
  </reporter-output>
  <suite started-at="2025-06-02T10:07:13 IST" name="All Test Suite" finished-at="2025-06-02T10:08:33 IST" duration-ms="80191">
    <groups>
    </groups>
    <test started-at="2025-06-02T10:07:13 IST" name="Chrome Test 1" finished-at="2025-06-02T10:08:27 IST" duration-ms="74418">
      <class name="com.Pat.TestCases.Tc_DDT_Login">
        <test-method is-config="true" signature="startExtent()[pri:0, instance:com.Pat.TestCases.Tc_DDT_Login@4009e306]" started-at="2025-06-02T10:07:13 IST" name="startExtent" finished-at="2025-06-02T10:07:13 IST" duration-ms="403" status="PASS">
          <reporter-output>
          </reporter-output>
        </test-method> <!-- startExtent -->
        <test-method is-config="true" signature="setup(java.lang.String)[pri:0, instance:com.Pat.TestCases.Tc_DDT_Login@4009e306]" started-at="2025-06-02T10:07:14 IST" name="setup" finished-at="2025-06-02T10:07:28 IST" duration-ms="13882" status="PASS">
          <params>
            <param index="0">
              <value>
                <![CDATA[chrome]]>
              </value>
            </param>
          </params>
          <reporter-output>
          </reporter-output>
        </test-method> <!-- setup -->
        <test-method signature="Login(java.util.Hashtable)[pri:0, instance:com.Pat.TestCases.Tc_DDT_Login@4009e306]" started-at="2025-06-02T10:07:28 IST" name="Login" data-provider="getXLData" finished-at="2025-06-02T10:07:50 IST" duration-ms="22130" status="PASS">
          <params>
            <param index="0">
              <value>
                <![CDATA[{password=Auto@123, LoginType=Valid Login, username=subash.selenium@gmail.com}]]>
              </value>
            </param>
          </params>
          <reporter-output>
            <line>
              <![CDATA[subash.selenium@gmail.com : is the Value entered for WebElement : UserName      #####################      ]]>
            </line>
            <line>
              <![CDATA[Auto@123 : is the Value entered for WebElement : Password      #####################      ]]>
            </line>
            <line>
              <![CDATA[WebElement : Log In is clicked      #####################      ]]>
            </line>
            <line>
              <![CDATA[Login successful with Home Page displayed as : Login Successfully]]>
            </line>
            <line>
              <![CDATA[WebElement : Log Off is clicked      #####################      ]]>
            </line>
            <line>
              <![CDATA[WebElement : Go Back To Login is clicked      #####################      ]]>
            </line>
          </reporter-output>
        </test-method> <!-- Login -->
        <test-method is-config="true" signature="tearDown(org.testng.ITestResult)[pri:0, instance:com.Pat.TestCases.Tc_DDT_Login@4009e306]" started-at="2025-06-02T10:07:50 IST" name="tearDown" finished-at="2025-06-02T10:07:50 IST" duration-ms="429" status="PASS">
          <params>
            <param index="0">
              <value>
                <![CDATA[[TestResult name=Login status=SUCCESS method=Tc_DDT_Login.Login(java.util.Hashtable)[pri:0, instance:com.Pat.TestCases.Tc_DDT_Login@4009e306] output=subash.selenium@gmail.com : is the Value entered for WebElement : UserName      #####################      ]]]>
              </value>
            </param>
          </params>
          <reporter-output>
          </reporter-output>
        </test-method> <!-- tearDown -->
        <test-method is-config="true" signature="setup(java.lang.String)[pri:0, instance:com.Pat.TestCases.Tc_DDT_Login@4009e306]" started-at="2025-06-02T10:07:51 IST" name="setup" finished-at="2025-06-02T10:07:59 IST" duration-ms="8334" status="PASS">
          <params>
            <param index="0">
              <value>
                <![CDATA[chrome]]>
              </value>
            </param>
          </params>
          <reporter-output>
          </reporter-output>
        </test-method> <!-- setup -->
        <test-method signature="Login2(java.util.Hashtable)[pri:0, instance:com.Pat.TestCases.Tc_DDT_Login@4009e306]" started-at="2025-06-02T10:07:59 IST" name="Login2" data-provider="getXLData" finished-at="2025-06-02T10:08:26 IST" duration-ms="27001" status="PASS">
          <params>
            <param index="0">
              <value>
                <![CDATA[{password=Auto@123, LoginType=Valid Login, username=subash.selenium@gmail.com}]]>
              </value>
            </param>
          </params>
          <reporter-output>
            <line>
              <![CDATA[subash.selenium@gmail.com : is the Value entered for WebElement : UserName      #####################      ]]>
            </line>
            <line>
              <![CDATA[Auto@123 : is the Value entered for WebElement : Password      #####################      ]]>
            </line>
            <line>
              <![CDATA[WebElement : Log In is clicked      #####################      ]]>
            </line>
            <line>
              <![CDATA[Login successful with Home Page displayed as : Login Successfully]]>
            </line>
            <line>
              <![CDATA[WebElement : Log Off is clicked      #####################      ]]>
            </line>
            <line>
              <![CDATA[WebElement : Go Back To Login is clicked      #####################      ]]>
            </line>
          </reporter-output>
        </test-method> <!-- Login2 -->
        <test-method is-config="true" signature="tearDown(org.testng.ITestResult)[pri:0, instance:com.Pat.TestCases.Tc_DDT_Login@4009e306]" started-at="2025-06-02T10:08:26 IST" name="tearDown" finished-at="2025-06-02T10:08:26 IST" duration-ms="283" status="PASS">
          <params>
            <param index="0">
              <value>
                <![CDATA[[TestResult name=Login2 status=SUCCESS method=Tc_DDT_Login.Login2(java.util.Hashtable)[pri:0, instance:com.Pat.TestCases.Tc_DDT_Login@4009e306] output=subash.selenium@gmail.com : is the Value entered for WebElement : UserName      #####################      ]]]>
              </value>
            </param>
          </params>
          <reporter-output>
          </reporter-output>
        </test-method> <!-- tearDown -->
        <test-method is-config="true" signature="tearDown()[pri:0, instance:com.Pat.TestCases.Tc_DDT_Login@4009e306]" started-at="2025-06-02T10:08:26 IST" name="tearDown" finished-at="2025-06-02T10:08:26 IST" duration-ms="0" status="FAIL">
          <exception class="java.lang.NullPointerException">
            <message>
              <![CDATA[Cannot invoke "org.openqa.selenium.WebDriver.quit()" because the return value of "java.lang.ThreadLocal.get()" is null]]>
            </message>
            <full-stacktrace>
              <![CDATA[java.lang.NullPointerException: Cannot invoke "org.openqa.selenium.WebDriver.quit()" because the return value of "java.lang.ThreadLocal.get()" is null
at com.Pat.TestCases.BaseClass.tearDown(BaseClass.java:128)
at java.base/jdk.internal.reflect.NativeMethodAccessorImpl.invoke0(Native Method)
at java.base/jdk.internal.reflect.NativeMethodAccessorImpl.invoke(NativeMethodAccessorImpl.java:77)
at java.base/jdk.internal.reflect.DelegatingMethodAccessorImpl.invoke(DelegatingMethodAccessorImpl.java:43)
at java.base/java.lang.reflect.Method.invoke(Method.java:568)
at org.testng.internal.invokers.MethodInvocationHelper.invokeMethod(MethodInvocationHelper.java:141)
at org.testng.internal.invokers.MethodInvocationHelper.invokeMethodConsideringTimeout(MethodInvocationHelper.java:71)
at org.testng.internal.invokers.ConfigInvoker.invokeConfigurationMethod(ConfigInvoker.java:400)
at org.testng.internal.invokers.ConfigInvoker.invokeConfigurations(ConfigInvoker.java:333)
at org.testng.internal.invokers.TestMethodWorker.invokeAfterClassConfigurations(TestMethodWorker.java:238)
at org.testng.internal.invokers.TestMethodWorker.invokeAfterClassMethods(TestMethodWorker.java:223)
at org.testng.internal.invokers.TestMethodWorker.run(TestMethodWorker.java:137)
at java.base/java.util.ArrayList.forEach(ArrayList.java:1511)
at org.testng.TestRunner.privateRun(TestRunner.java:739)
at org.testng.TestRunner.run(TestRunner.java:614)
at org.testng.SuiteRunner.runTest(SuiteRunner.java:421)
at org.testng.SuiteRunner$SuiteWorker.run(SuiteRunner.java:463)
at org.testng.internal.thread.ThreadUtil.lambda$execute$0(ThreadUtil.java:64)
at java.base/java.util.concurrent.FutureTask.run$$$capture(FutureTask.java:264)
at java.base/java.util.concurrent.FutureTask.run(FutureTask.java)
at --- Async.Stack.Trace --- (captured by IntelliJ IDEA debugger)
at java.base/java.util.concurrent.FutureTask.<init>(FutureTask.java:132)
at java.base/java.util.concurrent.AbstractExecutorService.newTaskFor(AbstractExecutorService.java:113)
at java.base/java.util.concurrent.AbstractExecutorService.invokeAll(AbstractExecutorService.java:274)
at org.testng.internal.thread.ThreadUtil.execute(ThreadUtil.java:70)
at org.testng.SuiteRunner.runInParallelTestMode(SuiteRunner.java:442)
at org.testng.SuiteRunner.privateRun(SuiteRunner.java:371)
at org.testng.SuiteRunner.run(SuiteRunner.java:312)
at org.testng.SuiteRunnerWorker.runSuite(SuiteRunnerWorker.java:52)
at org.testng.SuiteRunnerWorker.run(SuiteRunnerWorker.java:95)
at org.testng.TestNG.runSuitesSequentially(TestNG.java:1274)
at org.testng.TestNG.runSuitesLocally(TestNG.java:1208)
at org.testng.TestNG.runSuites(TestNG.java:1112)
at org.testng.TestNG.run(TestNG.java:1079)
at com.intellij.rt.testng.IDEARemoteTestNG.run(IDEARemoteTestNG.java:65)
at com.intellij.rt.testng.RemoteTestNGStarter.main(RemoteTestNGStarter.java:105)
]]>
            </full-stacktrace>
          </exception> <!-- java.lang.NullPointerException -->
          <reporter-output>
          </reporter-output>
        </test-method> <!-- tearDown -->
        <test-method is-config="true" signature="endExtent()[pri:0, instance:com.Pat.TestCases.Tc_DDT_Login@4009e306]" started-at="2025-06-02T10:08:26 IST" name="endExtent" finished-at="2025-06-02T10:08:27 IST" duration-ms="1173" status="PASS">
          <reporter-output>
          </reporter-output>
        </test-method> <!-- endExtent -->
      </class> <!-- com.Pat.TestCases.Tc_DDT_Login -->
    </test> <!-- Chrome Test 1 -->
    <test started-at="2025-06-02T10:07:13 IST" name="Edge Test 2" finished-at="2025-06-02T10:08:33 IST" duration-ms="80191">
      <class name="com.Pat.TestCases.Tc_DDT_Login">
        <test-method is-config="true" signature="startExtent()[pri:0, instance:com.Pat.TestCases.Tc_DDT_Login@236e3f4e]" started-at="2025-06-02T10:07:13 IST" name="startExtent" finished-at="2025-06-02T10:07:13 IST" duration-ms="403" status="PASS">
          <reporter-output>
          </reporter-output>
        </test-method> <!-- startExtent -->
        <test-method is-config="true" signature="setup(java.lang.String)[pri:0, instance:com.Pat.TestCases.Tc_DDT_Login@236e3f4e]" started-at="2025-06-02T10:07:14 IST" name="setup" finished-at="2025-06-02T10:07:33 IST" duration-ms="19200" status="PASS">
          <params>
            <param index="0">
              <value>
                <![CDATA[edge]]>
              </value>
            </param>
          </params>
          <reporter-output>
          </reporter-output>
        </test-method> <!-- setup -->
        <test-method signature="Login(java.util.Hashtable)[pri:0, instance:com.Pat.TestCases.Tc_DDT_Login@236e3f4e]" started-at="2025-06-02T10:07:33 IST" name="Login" data-provider="getXLData" finished-at="2025-06-02T10:07:55 IST" duration-ms="22200" status="PASS">
          <params>
            <param index="0">
              <value>
                <![CDATA[{password=Auto@123, LoginType=Valid Login, username=subash.selenium@gmail.com}]]>
              </value>
            </param>
          </params>
          <reporter-output>
            <line>
              <![CDATA[subash.selenium@gmail.com : is the Value entered for WebElement : UserName      #####################      ]]>
            </line>
            <line>
              <![CDATA[Auto@123 : is the Value entered for WebElement : Password      #####################      ]]>
            </line>
            <line>
              <![CDATA[WebElement : Log In is clicked      #####################      ]]>
            </line>
            <line>
              <![CDATA[Login successful with Home Page displayed as : Login Successfully]]>
            </line>
            <line>
              <![CDATA[WebElement : Log Off is clicked      #####################      ]]>
            </line>
            <line>
              <![CDATA[WebElement : Go Back To Login is clicked      #####################      ]]>
            </line>
          </reporter-output>
        </test-method> <!-- Login -->
        <test-method is-config="true" signature="tearDown(org.testng.ITestResult)[pri:0, instance:com.Pat.TestCases.Tc_DDT_Login@236e3f4e]" started-at="2025-06-02T10:07:55 IST" name="tearDown" finished-at="2025-06-02T10:07:57 IST" duration-ms="1406" status="PASS">
          <params>
            <param index="0">
              <value>
                <![CDATA[[TestResult name=Login status=SUCCESS method=Tc_DDT_Login.Login(java.util.Hashtable)[pri:0, instance:com.Pat.TestCases.Tc_DDT_Login@236e3f4e] output=subash.selenium@gmail.com : is the Value entered for WebElement : UserName      #####################      ]]]>
              </value>
            </param>
          </params>
          <reporter-output>
          </reporter-output>
        </test-method> <!-- tearDown -->
        <test-method is-config="true" signature="setup(java.lang.String)[pri:0, instance:com.Pat.TestCases.Tc_DDT_Login@236e3f4e]" started-at="2025-06-02T10:07:57 IST" name="setup" finished-at="2025-06-02T10:08:10 IST" duration-ms="13345" status="PASS">
          <params>
            <param index="0">
              <value>
                <![CDATA[edge]]>
              </value>
            </param>
          </params>
          <reporter-output>
          </reporter-output>
        </test-method> <!-- setup -->
        <test-method signature="Login2(java.util.Hashtable)[pri:0, instance:com.Pat.TestCases.Tc_DDT_Login@236e3f4e]" started-at="2025-06-02T10:08:10 IST" name="Login2" data-provider="getXLData" finished-at="2025-06-02T10:08:32 IST" duration-ms="21461" status="PASS">
          <params>
            <param index="0">
              <value>
                <![CDATA[{password=Auto@123, LoginType=Valid Login, username=subash.selenium@gmail.com}]]>
              </value>
            </param>
          </params>
          <reporter-output>
            <line>
              <![CDATA[subash.selenium@gmail.com : is the Value entered for WebElement : UserName      #####################      ]]>
            </line>
            <line>
              <![CDATA[Auto@123 : is the Value entered for WebElement : Password      #####################      ]]>
            </line>
            <line>
              <![CDATA[WebElement : Log In is clicked      #####################      ]]>
            </line>
            <line>
              <![CDATA[Login successful with Home Page displayed as : Login Successfully]]>
            </line>
            <line>
              <![CDATA[WebElement : Log Off is clicked      #####################      ]]>
            </line>
            <line>
              <![CDATA[WebElement : Go Back To Login is clicked      #####################      ]]>
            </line>
          </reporter-output>
        </test-method> <!-- Login2 -->
        <test-method is-config="true" signature="tearDown(org.testng.ITestResult)[pri:0, instance:com.Pat.TestCases.Tc_DDT_Login@236e3f4e]" started-at="2025-06-02T10:08:32 IST" name="tearDown" finished-at="2025-06-02T10:08:33 IST" duration-ms="1302" status="PASS">
          <params>
            <param index="0">
              <value>
                <![CDATA[[TestResult name=Login2 status=SUCCESS method=Tc_DDT_Login.Login2(java.util.Hashtable)[pri:0, instance:com.Pat.TestCases.Tc_DDT_Login@236e3f4e] output=subash.selenium@gmail.com : is the Value entered for WebElement : UserName      #####################      ]]]>
              </value>
            </param>
          </params>
          <reporter-output>
          </reporter-output>
        </test-method> <!-- tearDown -->
        <test-method is-config="true" signature="tearDown()[pri:0, instance:com.Pat.TestCases.Tc_DDT_Login@236e3f4e]" started-at="2025-06-02T10:08:33 IST" name="tearDown" finished-at="2025-06-02T10:08:33 IST" duration-ms="0" status="FAIL">
          <exception class="java.lang.NullPointerException">
            <message>
              <![CDATA[Cannot invoke "org.openqa.selenium.WebDriver.quit()" because the return value of "java.lang.ThreadLocal.get()" is null]]>
            </message>
            <full-stacktrace>
              <![CDATA[java.lang.NullPointerException: Cannot invoke "org.openqa.selenium.WebDriver.quit()" because the return value of "java.lang.ThreadLocal.get()" is null
at com.Pat.TestCases.BaseClass.tearDown(BaseClass.java:128)
at java.base/jdk.internal.reflect.NativeMethodAccessorImpl.invoke0(Native Method)
at java.base/jdk.internal.reflect.NativeMethodAccessorImpl.invoke(NativeMethodAccessorImpl.java:77)
at java.base/jdk.internal.reflect.DelegatingMethodAccessorImpl.invoke(DelegatingMethodAccessorImpl.java:43)
at java.base/java.lang.reflect.Method.invoke(Method.java:568)
at org.testng.internal.invokers.MethodInvocationHelper.invokeMethod(MethodInvocationHelper.java:141)
at org.testng.internal.invokers.MethodInvocationHelper.invokeMethodConsideringTimeout(MethodInvocationHelper.java:71)
at org.testng.internal.invokers.ConfigInvoker.invokeConfigurationMethod(ConfigInvoker.java:400)
at org.testng.internal.invokers.ConfigInvoker.invokeConfigurations(ConfigInvoker.java:333)
at org.testng.internal.invokers.TestMethodWorker.invokeAfterClassConfigurations(TestMethodWorker.java:238)
at org.testng.internal.invokers.TestMethodWorker.invokeAfterClassMethods(TestMethodWorker.java:223)
at org.testng.internal.invokers.TestMethodWorker.run(TestMethodWorker.java:137)
at java.base/java.util.ArrayList.forEach(ArrayList.java:1511)
at org.testng.TestRunner.privateRun(TestRunner.java:739)
at org.testng.TestRunner.run(TestRunner.java:614)
at org.testng.SuiteRunner.runTest(SuiteRunner.java:421)
at org.testng.SuiteRunner$SuiteWorker.run(SuiteRunner.java:463)
at org.testng.internal.thread.ThreadUtil.lambda$execute$0(ThreadUtil.java:64)
at java.base/java.util.concurrent.FutureTask.run$$$capture(FutureTask.java:264)
at java.base/java.util.concurrent.FutureTask.run(FutureTask.java)
at --- Async.Stack.Trace --- (captured by IntelliJ IDEA debugger)
at java.base/java.util.concurrent.FutureTask.<init>(FutureTask.java:132)
at java.base/java.util.concurrent.AbstractExecutorService.newTaskFor(AbstractExecutorService.java:113)
at java.base/java.util.concurrent.AbstractExecutorService.invokeAll(AbstractExecutorService.java:274)
at org.testng.internal.thread.ThreadUtil.execute(ThreadUtil.java:70)
at org.testng.SuiteRunner.runInParallelTestMode(SuiteRunner.java:442)
at org.testng.SuiteRunner.privateRun(SuiteRunner.java:371)
at org.testng.SuiteRunner.run(SuiteRunner.java:312)
at org.testng.SuiteRunnerWorker.runSuite(SuiteRunnerWorker.java:52)
at org.testng.SuiteRunnerWorker.run(SuiteRunnerWorker.java:95)
at org.testng.TestNG.runSuitesSequentially(TestNG.java:1274)
at org.testng.TestNG.runSuitesLocally(TestNG.java:1208)
at org.testng.TestNG.runSuites(TestNG.java:1112)
at org.testng.TestNG.run(TestNG.java:1079)
at com.intellij.rt.testng.IDEARemoteTestNG.run(IDEARemoteTestNG.java:65)
at com.intellij.rt.testng.RemoteTestNGStarter.main(RemoteTestNGStarter.java:105)
]]>
            </full-stacktrace>
          </exception> <!-- java.lang.NullPointerException -->
          <reporter-output>
          </reporter-output>
        </test-method> <!-- tearDown -->
        <test-method is-config="true" signature="endExtent()[pri:0, instance:com.Pat.TestCases.Tc_DDT_Login@236e3f4e]" started-at="2025-06-02T10:08:33 IST" name="endExtent" finished-at="2025-06-02T10:08:33 IST" duration-ms="142" status="PASS">
          <reporter-output>
          </reporter-output>
        </test-method> <!-- endExtent -->
      </class> <!-- com.Pat.TestCases.Tc_DDT_Login -->
    </test> <!-- Edge Test 2 -->
  </suite> <!-- All Test Suite -->
</testng-results>
